  Main.cpp
C:\Users\Tobias\source\repos\TNCG15\TNCG15\Material.h(50,1): warning C4522:  'Material': multiple assignment operators specified
C:\Users\Tobias\source\repos\TNCG15\TNCG15\Ray.h(63,52): warning C4244:  'argument': conversion from 'T' to 'float', possible loss of data
C:\Users\Tobias\source\repos\TNCG15\TNCG15\Ray.h(63,52): warning C4244:         with
C:\Users\Tobias\source\repos\TNCG15\TNCG15\Ray.h(63,52): warning C4244:         [
C:\Users\Tobias\source\repos\TNCG15\TNCG15\Ray.h(63,52): warning C4244:             T=glm::f64
C:\Users\Tobias\source\repos\TNCG15\TNCG15\Ray.h(63,52): warning C4244:         ]
C:\Users\Tobias\source\repos\TNCG15\TNCG15\Ray.h(63,44): warning C4244:  'argument': conversion from 'T' to 'float', possible loss of data
C:\Users\Tobias\source\repos\TNCG15\TNCG15\Ray.h(63,44): warning C4244:         with
C:\Users\Tobias\source\repos\TNCG15\TNCG15\Ray.h(63,44): warning C4244:         [
C:\Users\Tobias\source\repos\TNCG15\TNCG15\Ray.h(63,44): warning C4244:             T=glm::f64
C:\Users\Tobias\source\repos\TNCG15\TNCG15\Ray.h(63,44): warning C4244:         ]
C:\Users\Tobias\source\repos\TNCG15\TNCG15\Ray.h(63,36): warning C4244:  'argument': conversion from 'T' to 'float', possible loss of data
C:\Users\Tobias\source\repos\TNCG15\TNCG15\Ray.h(63,36): warning C4244:         with
C:\Users\Tobias\source\repos\TNCG15\TNCG15\Ray.h(63,36): warning C4244:         [
C:\Users\Tobias\source\repos\TNCG15\TNCG15\Ray.h(63,36): warning C4244:             T=glm::f64
C:\Users\Tobias\source\repos\TNCG15\TNCG15\Ray.h(63,36): warning C4244:         ]
C:\Users\Tobias\source\repos\TNCG15\TNCG15\Triangle.h(128,32): warning C4305:  'initializing': truncation from 'double' to 'const float'
C:\Users\Tobias\source\repos\TNCG15\TNCG15\Triangle.h(44,13): warning C4101:  'pos': unreferenced local variable
C:\Users\Tobias\source\repos\TNCG15\TNCG15\Triangle.h(96,47): warning C4244:  '=': conversion from 'double' to 'T', possible loss of data
C:\Users\Tobias\source\repos\TNCG15\TNCG15\Triangle.h(96,47): warning C4244:         with
C:\Users\Tobias\source\repos\TNCG15\TNCG15\Triangle.h(96,47): warning C4244:         [
C:\Users\Tobias\source\repos\TNCG15\TNCG15\Triangle.h(96,47): warning C4244:             T=float
C:\Users\Tobias\source\repos\TNCG15\TNCG15\Triangle.h(96,47): warning C4244:         ]
C:\Users\Tobias\source\repos\TNCG15\TNCG15\Triangle.h(97,47): warning C4244:  '=': conversion from 'double' to 'T', possible loss of data
C:\Users\Tobias\source\repos\TNCG15\TNCG15\Triangle.h(97,47): warning C4244:         with
C:\Users\Tobias\source\repos\TNCG15\TNCG15\Triangle.h(97,47): warning C4244:         [
C:\Users\Tobias\source\repos\TNCG15\TNCG15\Triangle.h(97,47): warning C4244:             T=float
C:\Users\Tobias\source\repos\TNCG15\TNCG15\Triangle.h(97,47): warning C4244:         ]
C:\Users\Tobias\source\repos\TNCG15\TNCG15\Triangle.h(98,47): warning C4244:  '=': conversion from 'double' to 'T', possible loss of data
C:\Users\Tobias\source\repos\TNCG15\TNCG15\Triangle.h(98,47): warning C4244:         with
C:\Users\Tobias\source\repos\TNCG15\TNCG15\Triangle.h(98,47): warning C4244:         [
C:\Users\Tobias\source\repos\TNCG15\TNCG15\Triangle.h(98,47): warning C4244:             T=float
C:\Users\Tobias\source\repos\TNCG15\TNCG15\Triangle.h(98,47): warning C4244:         ]
C:\Users\Tobias\source\repos\TNCG15\TNCG15\Light.h(34,17): warning C4244:  'initializing': conversion from 'double' to 'float', possible loss of data
C:\Users\Tobias\source\repos\TNCG15\TNCG15\Light.h(37,10): warning C4244:  'initializing': conversion from 'double' to 'int', possible loss of data
C:\Users\Tobias\source\repos\TNCG15\TNCG15\Sphere.h(32,13): warning C4244:  'initializing': conversion from 'double' to 'float', possible loss of data
C:\Users\Tobias\source\repos\TNCG15\TNCG15\Scene.h(115,22): warning C4244:  '=': conversion from 'double' to 'float', possible loss of data
C:\Users\Tobias\source\repos\TNCG15\TNCG15\Camera.h(128,66): warning C4244:  'argument': conversion from 'double' to 'const float', possible loss of data
C:\Users\Tobias\source\repos\TNCG15\TNCG15\Camera.h(199,1): warning C4244:  '+=': conversion from 'double' to 'T', possible loss of data
C:\Users\Tobias\source\repos\TNCG15\TNCG15\Camera.h(199,1): warning C4244:         with
C:\Users\Tobias\source\repos\TNCG15\TNCG15\Camera.h(199,1): warning C4244:         [
C:\Users\Tobias\source\repos\TNCG15\TNCG15\Camera.h(199,1): warning C4244:             T=float
C:\Users\Tobias\source\repos\TNCG15\TNCG15\Camera.h(199,1): warning C4244:         ]
C:\Users\Tobias\source\repos\TNCG15\TNCG15\Camera.h(200,1): warning C4244:  '+=': conversion from 'double' to 'T', possible loss of data
C:\Users\Tobias\source\repos\TNCG15\TNCG15\Camera.h(200,1): warning C4244:         with
C:\Users\Tobias\source\repos\TNCG15\TNCG15\Camera.h(200,1): warning C4244:         [
C:\Users\Tobias\source\repos\TNCG15\TNCG15\Camera.h(200,1): warning C4244:             T=float
C:\Users\Tobias\source\repos\TNCG15\TNCG15\Camera.h(200,1): warning C4244:         ]
  Generating code
  1 of 235 functions ( 0.4%) were compiled, the rest were copied from previous compilation.
    0 functions were new in current compilation
    0 functions had inline decision re-evaluated but remain unchanged
  Finished generating code
  TNCG15.vcxproj -> C:\Users\Tobias\source\repos\TNCG15\x64\Release\TNCG15.exe
